<?xml version="1.0" encoding="UTF-8"?>
<!-- Generated by org.testng.reporters.JUnitReportReporter -->
<testsuite hostname="SwarupKshatriya" failures="0" tests="5" name="TestCases.TestCasesClass" time="409.557" errors="0" timestamp="13 Mar 2024 05:07:21 GMT" skipped="0">
  <testcase classname="TestCases.TestCasesClass" name="TestCase04_Create_Receivables_Accounting" time="82.603"/>
  <testcase classname="TestCases.TestCasesClass" name="TestCase03_Collections_Delinquency_Management" time="76.500"/>
  <testcase classname="TestCases.TestCasesClass" name="TestCases05_Create_Accounting" time="86.043"/>
  <testcase classname="TestCases.TestCasesClass" name="TestCase01_Candela_EDI_850_Shipments_Pre_Validation_Report" time="87.562"/>
  <testcase classname="TestCases.TestCasesClass" name="TestCase02_Collections_Scoring_and_Strategy_Assignment" time="76.849"/>
</testsuite> <!-- TestCases.TestCasesClass -->
